Log file open, 12/18/16 09:23:19
LogInit:Display: Running engine for game: MiniShooter
LogPlatformFile: Not using cached read wrapper
LogInit:Display: RandInit(2072085217) SRandInit(2072085217).
LogTaskGraph: Started task graph with 5 named threads and 8 total threads with 1 sets of task threads.
LogStats: Stats thread started at 0.119399
LogPluginManager: Loaded Plugin Paper2D, From C:/Program Files (x86)/Epic Games/4.13/Engine/Plugins/2D/Paper2D/Paper2D.uplugin
LogPluginManager: Loaded Plugin LightPropagationVolume, From C:/Program Files (x86)/Epic Games/4.13/Engine/Plugins/Blendables/LightPropagationVolume/LightPropagationVolume.uplugin
LogPluginManager: Loaded Plugin BlankPlugin, From C:/Program Files (x86)/Epic Games/4.13/Engine/Plugins/Developer/BlankPlugin/BlankPlugin.uplugin
LogPluginManager: Loaded Plugin CodeLiteSourceCodeAccess, From C:/Program Files (x86)/Epic Games/4.13/Engine/Plugins/Developer/CodeLiteSourceCodeAccess/CodeLiteSourceCodeAccess.uplugin
LogPluginManager: Loaded Plugin GitSourceControl, From C:/Program Files (x86)/Epic Games/4.13/Engine/Plugins/Developer/GitSourceControl/GitSourceControl.uplugin
LogPluginManager: Loaded Plugin KDevelopSourceCodeAccess, From C:/Program Files (x86)/Epic Games/4.13/Engine/Plugins/Developer/KDevelopSourceCodeAccess/KDevelopSourceCodeAccess.uplugin
LogPluginManager: Loaded Plugin NullSourceCodeAccess, From C:/Program Files (x86)/Epic Games/4.13/Engine/Plugins/Developer/NullSourceCodeAccess/NullSourceCodeAccess.uplugin
LogPluginManager: Loaded Plugin OneSkyLocalizationService, From C:/Program Files (x86)/Epic Games/4.13/Engine/Plugins/Developer/OneSkyLocalizationService/OneSkyLocalizationService.uplugin
LogPluginManager: Loaded Plugin PerforceSourceControl, From C:/Program Files (x86)/Epic Games/4.13/Engine/Plugins/Developer/PerforceSourceControl/PerforceSourceControl.uplugin
LogPluginManager: Loaded Plugin SubversionSourceControl, From C:/Program Files (x86)/Epic Games/4.13/Engine/Plugins/Developer/SubversionSourceControl/SubversionSourceControl.uplugin
LogPluginManager: Loaded Plugin UObjectPlugin, From C:/Program Files (x86)/Epic Games/4.13/Engine/Plugins/Developer/UObjectPlugin/UObjectPlugin.uplugin
LogPluginManager: Loaded Plugin VisualStudioSourceCodeAccess, From C:/Program Files (x86)/Epic Games/4.13/Engine/Plugins/Developer/VisualStudioSourceCodeAccess/VisualStudioSourceCodeAccess.uplugin
LogPluginManager: Loaded Plugin XCodeSourceCodeAccess, From C:/Program Files (x86)/Epic Games/4.13/Engine/Plugins/Developer/XCodeSourceCodeAccess/XCodeSourceCodeAccess.uplugin
LogPluginManager: Loaded Plugin EpicSurvey, From C:/Program Files (x86)/Epic Games/4.13/Engine/Plugins/Editor/EpicSurvey/EpicSurvey.uplugin
LogPluginManager: Loaded Plugin MacGraphicsSwitching, From C:/Program Files (x86)/Epic Games/4.13/Engine/Plugins/Editor/MacGraphicsSwitching/MacGraphicsSwitching.uplugin
LogPluginManager: Loaded Plugin MobileLauncherProfileWizard, From C:/Program Files (x86)/Epic Games/4.13/Engine/Plugins/Editor/MobileLauncherProfileWizard/MobileLauncherProfileWizard.uplugin
LogPluginManager: Loaded Plugin PluginBrowser, From C:/Program Files (x86)/Epic Games/4.13/Engine/Plugins/Editor/PluginBrowser/PluginBrowser.uplugin
LogPluginManager: Loaded Plugin SpeedTreeImporter, From C:/Program Files (x86)/Epic Games/4.13/Engine/Plugins/Editor/SpeedTreeImporter/SpeedTreeImporter.uplugin
LogPluginManager: Loaded Plugin SuperSearchEditor, From C:/Program Files (x86)/Epic Games/4.13/Engine/Plugins/Editor/SuperSearchEditor/SuperSearchEditor.uplugin
LogPluginManager: Loaded Plugin AlembicImporter, From C:/Program Files (x86)/Epic Games/4.13/Engine/Plugins/Experimental/AlembicImporter/AlembicImporter.uplugin
LogPluginManager: Loaded Plugin BlueprintStats, From C:/Program Files (x86)/Epic Games/4.13/Engine/Plugins/Experimental/BlueprintStats/BlueprintStats.uplugin
LogPluginManager: Loaded Plugin CharacterAI, From C:/Program Files (x86)/Epic Games/4.13/Engine/Plugins/Experimental/CharacterAI/CharacterAI.uplugin
LogPluginManager: Loaded Plugin CodeEditor, From C:/Program Files (x86)/Epic Games/4.13/Engine/Plugins/Experimental/CodeEditor/CodeEditor.uplugin
LogPluginManager: Loaded Plugin CodeView, From C:/Program Files (x86)/Epic Games/4.13/Engine/Plugins/Experimental/CodeView/CodeView.uplugin
LogPluginManager: Loaded Plugin HTML5Networking, From C:/Program Files (x86)/Epic Games/4.13/Engine/Plugins/Experimental/HTML5Networking/HTML5Networking.uplugin
LogPluginManager: Loaded Plugin LiveEditor, From C:/Program Files (x86)/Epic Games/4.13/Engine/Plugins/Experimental/LiveEditor/LiveEditor.uplugin
LogPluginManager: Loaded Plugin OSVR, From C:/Program Files (x86)/Epic Games/4.13/Engine/Plugins/Experimental/OSVR/OSVR.uplugin
LogPluginManager: Loaded Plugin Phya, From C:/Program Files (x86)/Epic Games/4.13/Engine/Plugins/Experimental/Phya/Phya.uplugin
LogPluginManager: Loaded Plugin SignificanceManager, From C:/Program Files (x86)/Epic Games/4.13/Engine/Plugins/Experimental/SignificanceManager/SignificanceManager.uplugin
LogPluginManager: Loaded Plugin SimpleHMD, From C:/Program Files (x86)/Epic Games/4.13/Engine/Plugins/Experimental/SimpleHMD/SimpleHMD.uplugin
LogPluginManager: Loaded Plugin StereoPanorama, From C:/Program Files (x86)/Epic Games/4.13/Engine/Plugins/Experimental/StereoPanorama/StereoPanorama.uplugin
LogPluginManager: Loaded Plugin StructBox, From C:/Program Files (x86)/Epic Games/4.13/Engine/Plugins/Experimental/StructBox/StructBox.uplugin
LogPluginManager: Loaded Plugin AndroidMedia, From C:/Program Files (x86)/Epic Games/4.13/Engine/Plugins/Media/AndroidMedia/AndroidMedia.uplugin
LogPluginManager: Loaded Plugin AvfMedia, From C:/Program Files (x86)/Epic Games/4.13/Engine/Plugins/Media/AvfMedia/AvfMedia.uplugin
LogPluginManager: Loaded Plugin MediaPlayerEditor, From C:/Program Files (x86)/Epic Games/4.13/Engine/Plugins/Media/MediaPlayerEditor/MediaPlayerEditor.uplugin
LogPluginManager: Loaded Plugin WmfMedia, From C:/Program Files (x86)/Epic Games/4.13/Engine/Plugins/Media/WmfMedia/WmfMedia.uplugin
LogPluginManager: Loaded Plugin MessagingDebugger, From C:/Program Files (x86)/Epic Games/4.13/Engine/Plugins/Messaging/MessagingDebugger/MessagingDebugger.uplugin
LogPluginManager: Loaded Plugin TcpMessaging, From C:/Program Files (x86)/Epic Games/4.13/Engine/Plugins/Messaging/TcpMessaging/TcpMessaging.uplugin
LogPluginManager: Loaded Plugin UdpMessaging, From C:/Program Files (x86)/Epic Games/4.13/Engine/Plugins/Messaging/UdpMessaging/UdpMessaging.uplugin
LogPluginManager: Loaded Plugin LevelSequenceEditor, From C:/Program Files (x86)/Epic Games/4.13/Engine/Plugins/MovieScene/LevelSequenceEditor/LevelSequenceEditor.uplugin
LogPluginManager: Loaded Plugin MatineeToLevelSequence, From C:/Program Files (x86)/Epic Games/4.13/Engine/Plugins/MovieScene/MatineeToLevelSequence/MatineeToLevelSequence.uplugin
LogPluginManager: Loaded Plugin NetcodeUnitTest, From C:/Program Files (x86)/Epic Games/4.13/Engine/Plugins/NetcodeUnitTest/NetcodeUnitTest/NetcodeUnitTest.uplugin
LogPluginManager: Loaded Plugin NUTUnrealEngine4, From C:/Program Files (x86)/Epic Games/4.13/Engine/Plugins/NetcodeUnitTest/NUTUnrealEngine4/NUTUnrealEngine4.uplugin
LogPluginManager: Loaded Plugin OnlineSubsystemGooglePlay, From C:/Program Files (x86)/Epic Games/4.13/Engine/Plugins/Online/Android/OnlineSubsystemGooglePlay/OnlineSubsystemGooglePlay.uplugin
LogPluginManager: Loaded Plugin OnlineSubsystemIOS, From C:/Program Files (x86)/Epic Games/4.13/Engine/Plugins/Online/IOS/OnlineSubsystemIOS/OnlineSubsystemIOS.uplugin
LogPluginManager: Loaded Plugin OnlineFramework, From C:/Program Files (x86)/Epic Games/4.13/Engine/Plugins/Online/OnlineFramework/OnlineFramework.uplugin
LogPluginManager: Loaded Plugin OnlineSubsystem, From C:/Program Files (x86)/Epic Games/4.13/Engine/Plugins/Online/OnlineSubsystem/OnlineSubsystem.uplugin
LogPluginManager: Loaded Plugin OnlineSubsystemAmazon, From C:/Program Files (x86)/Epic Games/4.13/Engine/Plugins/Online/OnlineSubsystemAmazon/OnlineSubsystemAmazon.uplugin
LogPluginManager: Loaded Plugin OnlineSubsystemFacebook, From C:/Program Files (x86)/Epic Games/4.13/Engine/Plugins/Online/OnlineSubsystemFacebook/OnlineSubsystemFacebook.uplugin
LogPluginManager: Loaded Plugin OnlineSubsystemNull, From C:/Program Files (x86)/Epic Games/4.13/Engine/Plugins/Online/OnlineSubsystemNull/OnlineSubsystemNull.uplugin
LogPluginManager: Loaded Plugin OnlineSubsystemOculus, From C:/Program Files (x86)/Epic Games/4.13/Engine/Plugins/Online/OnlineSubsystemOculus/OnlineSubsystemOculus.uplugin
LogPluginManager: Loaded Plugin OnlineSubsystemSteam, From C:/Program Files (x86)/Epic Games/4.13/Engine/Plugins/Online/OnlineSubsystemSteam/OnlineSubsystemSteam.uplugin
LogPluginManager: Loaded Plugin OnlineSubsystemUtils, From C:/Program Files (x86)/Epic Games/4.13/Engine/Plugins/Online/OnlineSubsystemUtils/OnlineSubsystemUtils.uplugin
LogPluginManager: Loaded Plugin IOSTapJoy, From C:/Program Files (x86)/Epic Games/4.13/Engine/Plugins/Runtime/Advertising/IOSTapJoy/IOSTapJoy.uplugin
LogPluginManager: Loaded Plugin AnalyticsBlueprintLibrary, From C:/Program Files (x86)/Epic Games/4.13/Engine/Plugins/Runtime/Analytics/AnalyticsBlueprintLibrary/AnalyticsBlueprintLibrary.uplugin
LogPluginManager: Loaded Plugin AnalyticsMulticast, From C:/Program Files (x86)/Epic Games/4.13/Engine/Plugins/Runtime/Analytics/AnalyticsMulticast/AnalyticsMulticast.uplugin
LogPluginManager: Loaded Plugin Apsalar, From C:/Program Files (x86)/Epic Games/4.13/Engine/Plugins/Runtime/Analytics/Apsalar/Apsalar.uplugin
LogPluginManager: Loaded Plugin FileLogging, From C:/Program Files (x86)/Epic Games/4.13/Engine/Plugins/Runtime/Analytics/FileLogging/FileLogging.uplugin
LogPluginManager: Loaded Plugin Flurry, From C:/Program Files (x86)/Epic Games/4.13/Engine/Plugins/Runtime/Analytics/Flurry/Flurry.uplugin
LogPluginManager: Loaded Plugin AndroidDeviceProfileSelector, From C:/Program Files (x86)/Epic Games/4.13/Engine/Plugins/Runtime/AndroidDeviceProfileSelector/AndroidDeviceProfileSelector.uplugin
LogPluginManager: Loaded Plugin AndroidMoviePlayer, From C:/Program Files (x86)/Epic Games/4.13/Engine/Plugins/Runtime/AndroidMoviePlayer/AndroidMoviePlayer.uplugin
LogPluginManager: Loaded Plugin AppleMoviePlayer, From C:/Program Files (x86)/Epic Games/4.13/Engine/Plugins/Runtime/AppleMoviePlayer/AppleMoviePlayer.uplugin
LogPluginManager: Loaded Plugin ArchVisCharacter, From C:/Program Files (x86)/Epic Games/4.13/Engine/Plugins/Runtime/ArchVisCharacter/ArchVisCharacter.uplugin
LogPluginManager: Loaded Plugin CableComponent, From C:/Program Files (x86)/Epic Games/4.13/Engine/Plugins/Runtime/CableComponent/CableComponent.uplugin
LogPluginManager: Loaded Plugin CustomMeshComponent, From C:/Program Files (x86)/Epic Games/4.13/Engine/Plugins/Runtime/CustomMeshComponent/CustomMeshComponent.uplugin
LogPluginManager: Loaded Plugin ExampleDeviceProfileSelector, From C:/Program Files (x86)/Epic Games/4.13/Engine/Plugins/Runtime/ExampleDeviceProfileSelector/ExampleDeviceProfileSelector.uplugin
LogPluginManager: Loaded Plugin GearVR, From C:/Program Files (x86)/Epic Games/4.13/Engine/Plugins/Runtime/GearVR/GearVR.uplugin
LogPluginManager: Loaded Plugin GoogleVRController, From C:/Program Files (x86)/Epic Games/4.13/Engine/Plugins/Runtime/GoogleVR/GoogleVRController/GoogleVRController.uplugin
LogPluginManager: Loaded Plugin GoogleVRHMD, From C:/Program Files (x86)/Epic Games/4.13/Engine/Plugins/Runtime/GoogleVR/GoogleVRHMD/GoogleVRHMD.uplugin
LogPluginManager: Loaded Plugin IOSDeviceProfileSelector, From C:/Program Files (x86)/Epic Games/4.13/Engine/Plugins/Runtime/IOSDeviceProfileSelector/IOSDeviceProfileSelector.uplugin
LogPluginManager: Loaded Plugin LeapMotion, From C:/Program Files (x86)/Epic Games/4.13/Engine/Plugins/Runtime/LeapMotion/LeapMotion.uplugin
LogPluginManager: Loaded Plugin LinuxDeviceProfileSelector, From C:/Program Files (x86)/Epic Games/4.13/Engine/Plugins/Runtime/LinuxDeviceProfileSelector/LinuxDeviceProfileSelector.uplugin
LogPluginManager: Loaded Plugin LiveEditorListenServer, From C:/Program Files (x86)/Epic Games/4.13/Engine/Plugins/Runtime/LiveEditorListenServer/LiveEditorListenServer.uplugin
LogPluginManager: Loaded Plugin OculusAudio, From C:/Program Files (x86)/Epic Games/4.13/Engine/Plugins/Runtime/OculusAudio/OculusAudio.uplugin
LogPluginManager: Loaded Plugin OculusInput, From C:/Program Files (x86)/Epic Games/4.13/Engine/Plugins/Runtime/OculusInput/OculusInput.uplugin
LogPluginManager: Loaded Plugin OculusLibrary, From C:/Program Files (x86)/Epic Games/4.13/Engine/Plugins/Runtime/OculusLibrary/OculusLibrary.uplugin
LogPluginManager: Loaded Plugin OculusRift, From C:/Program Files (x86)/Epic Games/4.13/Engine/Plugins/Runtime/OculusRift/OculusRift.uplugin
LogPluginManager: Loaded Plugin Oodle, From C:/Program Files (x86)/Epic Games/4.13/Engine/Plugins/Runtime/PacketHandlers/CompressionComponents/Oodle/Oodle.uplugin
LogPluginManager: Loaded Plugin ProceduralMeshComponent, From C:/Program Files (x86)/Epic Games/4.13/Engine/Plugins/Runtime/ProceduralMeshComponent/ProceduralMeshComponent.uplugin
LogPluginManager: Loaded Plugin SoundMod, From C:/Program Files (x86)/Epic Games/4.13/Engine/Plugins/Runtime/SoundMod/SoundMod.uplugin
LogPluginManager: Loaded Plugin SoundVisualizations, From C:/Program Files (x86)/Epic Games/4.13/Engine/Plugins/Runtime/SoundVisualizations/SoundVisualizations.uplugin
LogPluginManager: Loaded Plugin SteamController, From C:/Program Files (x86)/Epic Games/4.13/Engine/Plugins/Runtime/Steam/SteamController/SteamController.uplugin
LogPluginManager: Loaded Plugin SteamVR, From C:/Program Files (x86)/Epic Games/4.13/Engine/Plugins/Runtime/Steam/SteamVR/SteamVR.uplugin
LogPluginManager: Loaded Plugin WebBrowserWidget, From C:/Program Files (x86)/Epic Games/4.13/Engine/Plugins/Runtime/WebBrowserWidget/WebBrowserWidget.uplugin
LogPluginManager: Loaded Plugin WindowsDeviceProfileSelector, From C:/Program Files (x86)/Epic Games/4.13/Engine/Plugins/Runtime/WindowsDeviceProfileSelector/WindowsDeviceProfileSelector.uplugin
LogPluginManager: Loaded Plugin WindowsMoviePlayer, From C:/Program Files (x86)/Epic Games/4.13/Engine/Plugins/Runtime/WindowsMoviePlayer/WindowsMoviePlayer.uplugin
LogPluginManager: Loaded Plugin ScriptPlugin, From C:/Program Files (x86)/Epic Games/4.13/Engine/Plugins/ScriptPlugin/ScriptPlugin.uplugin
LogPluginManager: Loaded Plugin SlateRemote, From C:/Program Files (x86)/Epic Games/4.13/Engine/Plugins/Slate/SlateRemote/SlateRemote.uplugin
LogInit: Using libcurl 7.47.1
LogInit:  - built for x86_64-pc-win32
LogInit:  - supports SSL with WinSSL
LogInit:  - other features:
LogInit:      CURL_VERSION_SSL
LogInit:      CURL_VERSION_IPV6
LogInit:      CURL_VERSION_ASYNCHDNS
LogInit:      CURL_VERSION_LARGEFILE
LogInit:      CURL_VERSION_IDN
LogInit:  CurlRequestOptions (configurable via config and command line):
LogInit:  - bVerifyPeer = false  - Libcurl will NOT verify peer certificate
LogInit:  - bUseHttpProxy = false  - Libcurl will NOT use HTTP proxy
LogInit:  - bDontReuseConnections = false  - Libcurl will reuse connections
LogInit:  - CertBundlePath = nullptr  - Libcurl will use whatever was configured at build time.
LogInit: Build: ++UE4+Release-4.13-CL-3172292
LogInit: Engine Version: 4.13.2-3172292+++UE4+Release-4.13
LogInit: Compatible Engine Version: 4.13.0-3106830+++UE4+Release-4.13
LogInit: Net CL: 3172292
LogDevObjectVersion: Number of dev versions registered: 13
LogDevObjectVersion:   Dev-Blueprints (B0D832E4-1F89-4F0D-ACCF-7EB736FD4AA2): 5
LogDevObjectVersion:   Dev-Build (E1C64328-A22C-4D53-A36C-8E866417BD8C): 0
LogDevObjectVersion:   Dev-Core (375EC13C-06E4-48FB-B500-84F0262A717E): 1
LogDevObjectVersion:   Dev-Editor (E4B068ED-F494-42E9-A231-DA0B2E46BB41): 6
LogDevObjectVersion:   Dev-Framework (CFFC743F-43B0-4480-9391-14DF171D2073): 12
LogDevObjectVersion:   Dev-Mobile (B02B49B5-BB20-44E9-A304-32B752E40360): 0
LogDevObjectVersion:   Dev-Networking (A4E4105C-59A1-49B5-A7C5-40C4547EDFEE): 0
LogDevObjectVersion:   Dev-Online (39C831C9-5AE6-47DC-9A44-9C173E1C8E7C): 0
LogDevObjectVersion:   Dev-Physics (78F01B33-EBEA-4F98-B9B4-84EACCB95AA2): 0
LogDevObjectVersion:   Dev-Platform (6631380F-2D4D-43E0-8009-CF276956A95A): 0
LogDevObjectVersion:   Dev-Rendering (12F88B9F-8875-4AFC-A67C-D90C383ABD29): 4
LogDevObjectVersion:   Dev-Sequencer (7B5AE74C-D270-4C10-A958-57980B212A5A): 0
LogDevObjectVersion:   Dev-VR (D7296918-1DD6-4BDD-9DE2-64A83CC13884): 0
LogInit: Compiled (64-bit): Oct 24 2016 14:29:06
LogInit: Compiled with Visual C++: 19.00.23026.00
LogInit: Build Configuration: Development
LogInit: Branch Name: ++UE4+Release-4.13
LogInit: Command line:  
LogInit: Base directory: C:/Program Files (x86)/Epic Games/4.13/Engine/Binaries/Win64/
LogInit: Installed Engine Build: 1
LogInit: Presizing for max 8388607 objects, including 0 objects not considered by GC, pre-allocating 0 bytes for permanent pool.
LogInit: Object subsystem initialized
[2016.12.18-08.23.19:503][  0]LogInit: Selected Device Profile: [Windows]
[2016.12.18-08.23.19:503][  0]LogInit: Applying CVar settings loaded from the selected device profile: [Windows]
[2016.12.18-08.23.19:511][  0]LogInit: Computer: DESKTOP-AF1J7M2
[2016.12.18-08.23.19:511][  0]LogInit: User: Jasiu
[2016.12.18-08.23.19:511][  0]LogInit: CPU Page size=65536, Cores=4
[2016.12.18-08.23.19:511][  0]LogInit: High frequency timer resolution =3.906245 MHz
[2016.12.18-08.23.19:511][  0]LogMemory: Memory total: Physical=8.0GB (8GB approx)
[2016.12.18-08.23.19:511][  0]LogMemory: Platform Memory Stats for Windows
[2016.12.18-08.23.19:511][  0]LogMemory: Process Physical Memory: 256.23 MB used, 256.23 MB peak
[2016.12.18-08.23.19:511][  0]LogMemory: Process Virtual Memory: 260.05 MB used, 260.05 MB peak
[2016.12.18-08.23.19:511][  0]LogMemory: Physical Memory: 6228.65 MB used, 8143.60 MB total
[2016.12.18-08.23.19:511][  0]LogMemory: Virtual Memory: 623.23 MB used, 134217728.00 MB total
[2016.12.18-08.23.19:698][  0]LogTextLocalizationManager: No specific translations for ('en-GB') exist, so ('en') translations will be used.
[2016.12.18-08.23.20:475][  0]LogD3D11RHI: D3D11 adapters:
[2016.12.18-08.23.20:504][  0]LogD3D11RHI:    0. 'NVIDIA GeForce GTX 970' (Feature Level 11_0)
[2016.12.18-08.23.20:504][  0]LogD3D11RHI:       4058/0/4071 MB DedicatedVideo/DedicatedSystem/SharedSystem, Outputs:2, VendorId:0x10de
[2016.12.18-08.23.20:505][  0]LogD3D11RHI:    1. 'Microsoft Basic Render Driver' (Feature Level 11_0)
[2016.12.18-08.23.20:505][  0]LogD3D11RHI:       0/0/4071 MB DedicatedVideo/DedicatedSystem/SharedSystem, Outputs:0, VendorId:0x1414
[2016.12.18-08.23.20:505][  0]LogD3D11RHI: Chosen D3D11 Adapter: 0
[2016.12.18-08.23.20:513][  0]LogD3D11RHI: Creating new Direct3DDevice
[2016.12.18-08.23.20:513][  0]LogD3D11RHI:     GPU DeviceId: 0x13c2 (for the marketing name, search the web for "GPU Device Id")
[2016.12.18-08.23.20:513][  0]LogWindows: EnumDisplayDevices:
[2016.12.18-08.23.20:513][  0]LogWindows:    0. 'NVIDIA GeForce GTX 970' (P:1 D:1)
[2016.12.18-08.23.20:514][  0]LogWindows:    1. 'NVIDIA GeForce GTX 970' (P:0 D:1)
[2016.12.18-08.23.20:514][  0]LogWindows:    2. 'NVIDIA GeForce GTX 970' (P:0 D:0)
[2016.12.18-08.23.20:514][  0]LogWindows:    3. 'NVIDIA GeForce GTX 970' (P:0 D:0)
[2016.12.18-08.23.20:514][  0]LogWindows: DebugString: FoundDriverCount:4 
[2016.12.18-08.23.20:514][  0]LogD3D11RHI:     Adapter Name: NVIDIA GeForce GTX 970
[2016.12.18-08.23.20:514][  0]LogD3D11RHI:   Driver Version: 373.06 (internal:21.21.13.7306, unified:373.06)
[2016.12.18-08.23.20:514][  0]LogD3D11RHI:      Driver Date: 10-1-2016
[2016.12.18-08.23.20:514][  0]LogRHI: Texture pool is 1361 MB (70% of 1945 MB)
[2016.12.18-08.23.20:529][  0]LogD3D11RHI: Async texture creation enabled
[2016.12.18-08.23.20:541][  0]LogD3D11RHI: GPU Timing Frequency: 1000.000000 (Debug: 2 1)
[2016.12.18-08.23.20:542][  0]LogShaderCompilers: Guid format shader working directory is 5 characters bigger than the processId version (../../../../../../Projekt/theminishooter/Intermediate/Shaders/WorkingDirectory/45508/).
[2016.12.18-08.23.20:542][  0]LogShaderCompilers: Cleaned the shader compiler working directory 'C:/Users/Jasiu/AppData/Local/Temp/UnrealShaderWorkingDir/A8DAD1B940D1770B9EDA8196F9E00764/'.
[2016.12.18-08.23.20:542][  0]LogShaderCompilers:Display: Using Local Shader Compiler.
[2016.12.18-08.23.21:811][  0]LogTemp:Display: Loaded TP AllDesktopTargetPlatform
[2016.12.18-08.23.21:823][  0]LogTemp:Display: Loaded TP WindowsClientTargetPlatform
[2016.12.18-08.23.21:837][  0]LogTemp:Display: Loaded TP WindowsNoEditorTargetPlatform
[2016.12.18-08.23.21:850][  0]LogTemp:Display: Loaded TP WindowsServerTargetPlatform
[2016.12.18-08.23.21:863][  0]LogTemp:Display: Loaded TP WindowsTargetPlatform
[2016.12.18-08.23.21:877][  0]LogTemp:Display: Loaded TP AndroidTargetPlatform
[2016.12.18-08.23.21:889][  0]LogTemp:Display: Loaded TP Android_ASTCTargetPlatform
[2016.12.18-08.23.21:900][  0]LogTemp:Display: Loaded TP Android_ATCTargetPlatform
[2016.12.18-08.23.21:911][  0]LogTemp:Display: Loaded TP Android_DXTTargetPlatform
[2016.12.18-08.23.21:922][  0]LogTemp:Display: Loaded TP Android_ETC1TargetPlatform
[2016.12.18-08.23.21:935][  0]LogTemp:Display: Loaded TP Android_ETC2TargetPlatform
[2016.12.18-08.23.21:960][  0]LogTemp:Display: Loaded TP Android_MultiTargetPlatform
[2016.12.18-08.23.21:960][  0]LogTemp:Display: Loaded TP Android_PVRTCTargetPlatform
[2016.12.18-08.23.21:969][  0]LogTemp:Display: Loaded TP HTML5TargetPlatform
[2016.12.18-08.23.22:013][  0]LogTemp:Display: Loaded TP IOSTargetPlatform
[2016.12.18-08.23.22:023][  0]LogTemp:Display: Loaded TP TVOSTargetPlatform
[2016.12.18-08.23.22:034][  0]LogTemp:Display: Loaded TP LinuxClientTargetPlatform
[2016.12.18-08.23.22:045][  0]LogTemp:Display: Loaded TP LinuxNoEditorTargetPlatform
[2016.12.18-08.23.22:055][  0]LogTemp:Display: Loaded TP LinuxServerTargetPlatform
[2016.12.18-08.23.22:069][  0]LogTemp:Display: Loaded TP LinuxTargetPlatform
[2016.12.18-08.23.22:069][  0]LogTargetPlatformManager:Display: Building Assets For Windows
[2016.12.18-08.23.22:386][  0]LogDerivedDataCache:Display: Max Cache Size: 512 MB
[2016.12.18-08.23.22:619][  0]LogDerivedDataCache: Loaded boot cache 0.23s 62MB C:/Users/Jasiu/AppData/Local/UnrealEngine/4.13/DerivedDataCache/Boot.ddc.
[2016.12.18-08.23.22:619][  0]LogDerivedDataCache:Display: Loaded Boot cache: C:/Users/Jasiu/AppData/Local/UnrealEngine/4.13/DerivedDataCache/Boot.ddc
[2016.12.18-08.23.22:619][  0]LogDerivedDataCache: FDerivedDataBackendGraph:  Pak pak cache file ../../../../../../Projekt/theminishooter/DerivedDataCache/DDC.ddp not found, will not use a pak cache.
[2016.12.18-08.23.22:619][  0]LogDerivedDataCache: Unable to find inner node Pak for hierarchical cache Hierarchy.
[2016.12.18-08.23.22:619][  0]LogDerivedDataCache: FDerivedDataBackendGraph:  CompressedPak pak cache file ../../../../../../Projekt/theminishooter/DerivedDataCache/Compressed.ddp not found, will not use a pak cache.
[2016.12.18-08.23.22:619][  0]LogDerivedDataCache: Unable to find inner node CompressedPak for hierarchical cache Hierarchy.
[2016.12.18-08.23.22:639][  0]LogDerivedDataCache:Display: Pak cache opened for reading ../../../Engine/DerivedDataCache/Compressed.ddp.
[2016.12.18-08.23.22:657][  0]LogDerivedDataCache: Using Local data cache path C:/Users/Jasiu/AppData/Local/UnrealEngine/Common/DerivedDataCache: Writable
[2016.12.18-08.23.23:092][  0]LogInit: Selected Device Profile: [Windows]
[2016.12.18-08.23.23:096][  0]LogContentStreaming: Texture pool size is 0.00 MB
[2016.12.18-08.23.23:193][  0]LogMeshUtilities: No automatic mesh reduction module available
[2016.12.18-08.23.23:193][  0]LogMeshUtilities: No automatic mesh merging module available
[2016.12.18-08.23.23:193][  0]LogMeshUtilities: No distributed automatic mesh merging module available
[2016.12.18-08.23.23:294][  0]LogMaterial: Uniform references updated for custom material expression Custom.
[2016.12.18-08.23.23:625][  0]LogNetVersion: GetLocalNetworkVersion: CL: 3106830, ProjectName: minishooter, ProjectVersion: , EngineNetworkVersion: 1, GameNetworkVersion: 0, NetworkChecksum: 3209114587
[2016.12.18-08.23.23:675][  0]LogAssetRegistry: FAssetRegistry took 0.0222 seconds to start up
[2016.12.18-08.23.23:694][  0]LogPackageLocalizationCache: Processed 3 localized package path(s) for 2 prioritized culture(s) in 0.016229 seconds
[2016.12.18-08.23.23:698][  0]LogUObjectArray: 29778 objects as part of root set at end of initial load.
[2016.12.18-08.23.23:698][  0]LogUObjectAllocator: 6125448 out of 0 bytes used by permanent object pool.
[2016.12.18-08.23.23:698][  0]LogUObjectArray: CloseDisregardForGC: 0/0 objects in disregard for GC pool
[2016.12.18-08.23.23:712][  0]LogInit: WinSock: version 1.1 (2.2), MaxSocks=32767, MaxUdp=65467
[2016.12.18-08.23.24:593][  0]LogSlate: SlateFontCache - WITH_FREETYPE: 1, WITH_HARFBUZZ: 1
[2016.12.18-08.23.24:593][  0]LogSlate: SlateFontCache - WITH_FREETYPE: 1, WITH_HARFBUZZ: 1
[2016.12.18-08.23.26:397][  0]LogTcpMessaging: Initializing TcpMessaging bridge
[2016.12.18-08.23.26:430][  0]LogUdpMessaging: Initializing bridge on interface 0.0.0.0:0 to multicast group 230.0.0.1:6666.
[2016.12.18-08.23.26:876][  0]SourceControl: Info Source control is disabled
[2016.12.18-08.23.26:878][  0]SourceControl: Info Source control is disabled
[2016.12.18-08.23.26:924][  0]SourceControl: Info Source control is disabled
[2016.12.18-08.23.26:951][  0]SourceControl: Info Source control is disabled
[2016.12.18-08.23.27:611][  0]LogEngine: Initializing Engine...
[2016.12.18-08.23.27:612][  0]LogHMD: Failed to initialize OpenVR with code 110
[2016.12.18-08.23.27:746][  0]LogAIModule: Creating AISystem for world Untitled
[2016.12.18-08.23.27:762][  0]LogInit: XAudio2 using 'Speakers (Realtek High Definition Audio)' : 2 channels at 48 kHz using 32 bits per sample (channel mask 0x3)
[2016.12.18-08.23.27:781][  0]LogInit: FAudioDevice initialized.
[2016.12.18-08.23.27:810][  0]LogDerivedDataCache: Saved boot cache 0.03s 62MB C:/Users/Jasiu/AppData/Local/UnrealEngine/4.13/DerivedDataCache/Boot.ddc.
[2016.12.18-08.23.27:816][  0]LogInit: Texture streaming: Enabled
[2016.12.18-08.23.27:877][  0]LogInit: Transaction tracking system initialized
[2016.12.18-08.23.28:099][  0]BlueprintLog: New page: Editor Load
[2016.12.18-08.23.28:483][  0]LocalizationService: Info Localization service is disabled
[2016.12.18-08.23.28:731][  0]LogConsoleResponse:Display: 
[2016.12.18-08.23.28:874][  0]LogCook:Display: Max memory allowance for cook 16384mb min free memory 0mb
[2016.12.18-08.23.28:874][  0]LogCook:Display: Mobile HDR setting 1
[2016.12.18-08.23.29:331][  0]LogFileCache: Scanning file cache for directory 'C:/Projekt/theminishooter/Content/' took 0.01s
[2016.12.18-08.23.29:331][  0]SourceControl: Info Source control is disabled
[2016.12.18-08.23.29:331][  0]Cmd: MAP LOAD FILE="../../../../../../Projekt/theminishooter/Content/FirstPersonBP/Maps/FirstPersonExampleMap.umap" TEMPLATE=0 SHOWPROGRESS=1 FEATURELEVEL=3
[2016.12.18-08.23.29:332][  0]LightingResults: New page: Lighting Build
[2016.12.18-08.23.29:337][  0]MapCheck: New page: Map Check
[2016.12.18-08.23.29:337][  0]LightingResults: New page: Lighting Build
[2016.12.18-08.23.29:895][  0]LogAIModule: Creating AISystem for world FirstPersonExampleMap
[2016.12.18-08.23.29:909][  0]LogEditorServer: Finished looking for orphan Actors (0.000 secs)
[2016.12.18-08.23.29:910][  0]Cmd: MAP CHECKDEP NOCLEARLOG
[2016.12.18-08.23.30:003][  0]MapCheck: Info Map check complete: 0 Error(s), 0 Warning(s), took 92.849ms to complete.
[2016.12.18-08.23.30:003][  0]LogFileHelpers: Loading map 'FirstPersonExampleMap' took 0.671
[2016.12.18-08.23.30:153][  0]LogCollectionManager: Loaded 0 collections in 0.002180 seconds
[2016.12.18-08.23.30:197][  0]LogFileCache: Scanning file cache for directory 'C:/Projekt/theminishooter/Saved/Collections/' took 0.01s
[2016.12.18-08.23.30:197][  0]LogFileCache: Scanning file cache for directory 'C:/Projekt/theminishooter/Content/Developers/Jasiu/Collections/' took 0.01s
[2016.12.18-08.23.30:197][  0]LogFileCache: Scanning file cache for directory 'C:/Projekt/theminishooter/Content/Collections/' took 0.01s
[2016.12.18-08.23.30:197][  0]LogCollectionManager: Rebuilt the GUID cache for 0 collections in 0.000005 seconds
[2016.12.18-08.23.30:204][  0]LogContentBrowser: Native class hierarchy populated in 0.0073 seconds. Added 2141 classes and 415 folders.
[2016.12.18-08.23.30:208][  0]LogStats: UGameplayTagsManager::ConstructGameplayTagTree: Construct from data asset -  0.000 s
[2016.12.18-08.23.30:208][  0]LogStats: UGameplayTagsManager::ConstructGameplayTagTree: GameplayTagTreeChangedEvent.Broadcast -  0.000 s
[2016.12.18-08.23.30:209][  0]LogContentBrowser: Native class hierarchy updated for 'GameplayTags' in 0.0004 seconds. Added 12 classes and 0 folders.
[2016.12.18-08.23.30:215][  0]LogContentBrowser: Native class hierarchy updated for 'WidgetCarousel' in 0.0004 seconds. Added 0 classes and 0 folders.
[2016.12.18-08.23.30:324][  0]LogContentBrowser: Native class hierarchy updated for 'AddContentDialog' in 0.0004 seconds. Added 0 classes and 0 folders.
[2016.12.18-08.23.30:353][  0]LogContentBrowser: Native class hierarchy updated for 'SceneOutliner' in 0.0004 seconds. Added 1 classes and 2 folders.
[2016.12.18-08.23.30:372][  0]LogCrashTracker: Crashtracker disabled due to settings.
[2016.12.18-08.23.30:379][  0]LogUObjectGlobals:Warning: Failed to find object 'Class None.'
[2016.12.18-08.23.30:424][  0]LogContentBrowser: Native class hierarchy updated for 'HierarchicalLODOutliner' in 0.0005 seconds. Added 1 classes and 2 folders.
[2016.12.18-08.23.30:425][  0]LogLoad: (Engine Initialization) Total time: 12.13 seconds
[2016.12.18-08.23.30:425][  0]LogLoad: (Engine Initialization) Total Blueprint compile time: 0.19 seconds
[2016.12.18-08.23.30:425][  0]LogExternalProfiler: Found external profiler: VSPerf
[2016.12.18-08.23.30:425][  0]LogExternalProfiler: Using external profiler: VSPerf
[2016.12.18-08.23.30:434][  0]LogWindowsTextInputMethodSystem:Display: IME system now deactivated.
[2016.12.18-08.23.30:434][  0]LogOcInput: OculusInput pre-init called
[2016.12.18-08.23.30:457][  0]LogContentStreaming: Texture pool size now 1000 MB
[2016.12.18-08.23.30:603][  0]LogRenderer: Reallocating scene render targets to support 1208x576 (Frame:2).
[2016.12.18-08.23.30:697][  1]LogAssetRegistry: Asset discovery search completed in 7.0441 seconds
[2016.12.18-08.23.30:697][  1]LogCollectionManager: Rebuilt the object cache for 0 collections in 0.000001 seconds (found 0 objects)
[2016.12.18-08.23.30:697][  1]LogCollectionManager: Fixed up redirectors for 0 collections in 0.000039 seconds (updated 0 objects)
[2016.12.18-08.24.06:208][866]LogPackageName:Warning: String asset reference "Env_Ice_Rocky.Mesh.Env_Ice_MelancholicTroll01" is in short form, which is unsupported and -- even if valid -- resolving it will be really slow. Please consider resaving package in order to speed-up loading.
[2016.12.18-08.24.06:544][867]LogPackageName: SearchForPackageOnDisk took   0.490s, but failed to resolve Env_Ice_Rocky.
[2016.12.18-08.24.06:544][867]LogPackageName:Warning: String asset reference "Env_Ice_Rocky.Mesh.Env_Ice_MelancholicTroll01" could not be resolved.
[2016.12.18-08.24.06:544][867]LogPackageName:Warning: String asset reference "Env_Ice_Rocky.Mesh.Env_Ice_MelancholicTroll01" is in short form, which is unsupported and -- even if valid -- resolving it will be really slow. Please consider resaving package in order to speed-up loading.
[2016.12.18-08.24.06:896][868]LogPackageName: SearchForPackageOnDisk took   0.092s, but failed to resolve Env_Ice_Rocky.
[2016.12.18-08.24.06:896][868]LogPackageName:Warning: String asset reference "Env_Ice_Rocky.Mesh.Env_Ice_MelancholicTroll01" could not be resolved.
[2016.12.18-08.24.06:896][868]LogPackageName:Warning: String asset reference "Env_Ice_Rocky.Mesh.Env_Ice_NordHeed01" is in short form, which is unsupported and -- even if valid -- resolving it will be really slow. Please consider resaving package in order to speed-up loading.
[2016.12.18-08.24.06:896][868]LogPackageName: SearchForPackageOnDisk took   0.099s, but failed to resolve Env_Ice_Rocky.
[2016.12.18-08.24.06:896][868]LogPackageName:Warning: String asset reference "Env_Ice_Rocky.Mesh.Env_Ice_NordHeed01" could not be resolved.
[2016.12.18-08.24.06:896][868]LogPackageName:Warning: String asset reference "Env_Ice_Rocky.Mesh.Env_Ice_NordHeed01" is in short form, which is unsupported and -- even if valid -- resolving it will be really slow. Please consider resaving package in order to speed-up loading.
[2016.12.18-08.24.06:896][868]LogPackageName: SearchForPackageOnDisk took   0.115s, but failed to resolve Env_Ice_Rocky.
[2016.12.18-08.24.06:896][868]LogPackageName:Warning: String asset reference "Env_Ice_Rocky.Mesh.Env_Ice_NordHeed01" could not be resolved.
[2016.12.18-08.24.06:896][868]LogPackageName:Warning: String asset reference "Fire_Fortress.SM.SM_Fire_Furnace_01" is in short form, which is unsupported and -- even if valid -- resolving it will be really slow. Please consider resaving package in order to speed-up loading.
[2016.12.18-08.24.06:896][868]LogPackageName: SearchForPackageOnDisk took   0.115s, but failed to resolve Fire_Fortress.
[2016.12.18-08.24.06:896][868]LogPackageName:Warning: String asset reference "Fire_Fortress.SM.SM_Fire_Furnace_01" could not be resolved.
[2016.12.18-08.24.06:896][868]LogPackageName:Warning: String asset reference "Fire_Fortress.SM.SM_Fire_Furnace_01" is in short form, which is unsupported and -- even if valid -- resolving it will be really slow. Please consider resaving package in order to speed-up loading.
[2016.12.18-08.24.07:208][869]LogPackageName: SearchForPackageOnDisk took   0.093s, but failed to resolve Fire_Fortress.
[2016.12.18-08.24.07:208][869]LogPackageName:Warning: String asset reference "Fire_Fortress.SM.SM_Fire_Furnace_01" could not be resolved.
[2016.12.18-08.24.22:257][913]LogWindowsTextInputMethodSystem:Display: IME system now deactivated.
[2016.12.18-08.24.22:459][914]Cmd: QUIT_EDITOR
[2016.12.18-08.24.22:518][914]LogExit: Preparing to exit.
[2016.12.18-08.24.23:585][914]LogDirectoryWatcher: A directory notification for 'C:/Projekt/theminishooter/Content/' was aborted.
[2016.12.18-08.24.23:607][914]LogExit: Editor shut down
[2016.12.18-08.24.23:608][914]LogExit: Transaction tracking system shut down
[2016.12.18-08.24.23:764][914]LogObj: Freed 0b from 0 cluster array pools.
[2016.12.18-08.24.23:764][914]LogExit: Object subsystem successfully closed.
[2016.12.18-08.24.23:792][914]LogD3D11RHI: Shutdown
[2016.12.18-08.24.23:792][914]LogD3D11RHI: CleanupD3DDevice
[2016.12.18-08.24.23:857][914]LogD3D11RHI: ~FD3D11DynamicRHI
[2016.12.18-08.24.23:906][914]LogModuleManager: Shutting down and abandoning module HierarchicalLODOutliner (233)
[2016.12.18-08.24.23:906][914]LogModuleManager: Shutting down and abandoning module CrashTracker (232)
[2016.12.18-08.24.23:906][914]LogModuleManager: Shutting down and abandoning module SceneOutliner (231)
[2016.12.18-08.24.23:906][914]LogModuleManager: Shutting down and abandoning module WidgetCarousel (230)
[2016.12.18-08.24.23:906][914]LogModuleManager: Shutting down and abandoning module AddContentDialog (229)
[2016.12.18-08.24.23:907][914]LogDirectoryWatcher: A directory notification for 'C:/Program Files (x86)/Epic Games/4.13/FeaturePacks/' was aborted.
[2016.12.18-08.24.23:908][914]LogModuleManager: Shutting down and abandoning module GameplayTags (228)
[2016.12.18-08.24.23:908][914]LogModuleManager: Shutting down and abandoning module EditorWidgets (227)
[2016.12.18-08.24.23:908][914]LogModuleManager: Shutting down and abandoning module CollectionManager (226)
[2016.12.18-08.24.23:909][914]LogDirectoryWatcher: A directory notification for 'C:/Projekt/theminishooter/Content/Collections/' was aborted.
[2016.12.18-08.24.23:909][914]LogDirectoryWatcher: A directory notification for 'C:/Projekt/theminishooter/Content/Developers/Jasiu/Collections/' was aborted.
[2016.12.18-08.24.23:909][914]LogDirectoryWatcher: A directory notification for 'C:/Projekt/theminishooter/Saved/Collections/' was aborted.
[2016.12.18-08.24.23:909][914]LogModuleManager: Shutting down and abandoning module StatsViewer (225)
[2016.12.18-08.24.23:910][914]LogModuleManager: Shutting down and abandoning module FoliageEdit (224)
[2016.12.18-08.24.23:910][914]LogModuleManager: Shutting down and abandoning module LandscapeEditor (223)
[2016.12.18-08.24.23:911][914]LogModuleManager: Shutting down and abandoning module SceneDepthPickerMode (222)
[2016.12.18-08.24.23:911][914]LogModuleManager: Shutting down and abandoning module ActorPickerMode (221)
[2016.12.18-08.24.23:911][914]LogModuleManager: Shutting down and abandoning module GeometryMode (220)
[2016.12.18-08.24.23:911][914]LogModuleManager: Shutting down and abandoning module TextureAlignMode (219)
[2016.12.18-08.24.23:911][914]LogModuleManager: Shutting down and abandoning module BspMode (218)
[2016.12.18-08.24.23:911][914]LogModuleManager: Shutting down and abandoning module HardwareSurvey (217)
[2016.12.18-08.24.23:912][914]LogModuleManager: Shutting down and abandoning module SequenceRecorderSections (216)
[2016.12.18-08.24.23:912][914]LogModuleManager: Shutting down and abandoning module SequenceRecorder (215)
[2016.12.18-08.24.23:912][914]LogModuleManager: Shutting down and abandoning module AutomationWorker (214)
[2016.12.18-08.24.23:913][914]LogModuleManager: Shutting down and abandoning module MatineeToLevelSequence (213)
[2016.12.18-08.24.23:913][914]LogModuleManager: Shutting down and abandoning module PlacementMode (212)
[2016.12.18-08.24.23:913][914]LogModuleManager: Shutting down and abandoning module LevelSequenceEditor (211)
[2016.12.18-08.24.23:915][914]LogModuleManager: Shutting down and abandoning module WmfMediaFactory (210)
[2016.12.18-08.24.23:915][914]LogModuleManager: Shutting down and abandoning module WmfMediaEditor (209)
[2016.12.18-08.24.23:915][914]LogModuleManager: Shutting down and abandoning module AvfMediaFactory (208)
[2016.12.18-08.24.23:915][914]LogModuleManager: Shutting down and abandoning module AvfMediaEditor (207)
[2016.12.18-08.24.23:915][914]LogModuleManager: Shutting down and abandoning module Media (206)
[2016.12.18-08.24.23:915][914]LogModuleManager: Shutting down and abandoning module AndroidMediaFactory (205)
[2016.12.18-08.24.23:915][914]LogModuleManager: Shutting down and abandoning module AndroidMediaEditor (204)
[2016.12.18-08.24.23:915][914]LogModuleManager: Shutting down and abandoning module CharacterAI (203)
[2016.12.18-08.24.23:915][914]LogModuleManager: Shutting down and abandoning module SmartSnapping (202)
[2016.12.18-08.24.23:915][914]LogModuleManager: Shutting down and abandoning module SessionServices (201)
[2016.12.18-08.24.23:915][914]LogModuleManager: Shutting down and abandoning module ViewportSnapping (200)
[2016.12.18-08.24.23:915][914]LogModuleManager: Shutting down and abandoning module ViewportInteraction (199)
[2016.12.18-08.24.23:915][914]LogModuleManager: Shutting down and abandoning module LogVisualizer (198)
[2016.12.18-08.24.23:916][914]LogModuleManager: Shutting down and abandoning module GameProjectGeneration (197)
[2016.12.18-08.24.23:917][914]LogModuleManager: Shutting down and abandoning module IntroTutorials (196)
[2016.12.18-08.24.23:918][914]LogModuleManager: Shutting down and abandoning module EditorLiveStreaming (195)
[2016.12.18-08.24.23:918][914]LogModuleManager: Shutting down and abandoning module IOSPlatformEditor (194)
[2016.12.18-08.24.23:918][914]LogModuleManager: Shutting down and abandoning module HTML5PlatformEditor (193)
[2016.12.18-08.24.23:918][914]LogModuleManager: Shutting down and abandoning module AndroidDeviceDetection (192)
[2016.12.18-08.24.24:663][914]LogModuleManager: Shutting down and abandoning module AndroidPlatformEditor (191)
[2016.12.18-08.24.24:663][914]LogModuleManager: Shutting down and abandoning module IOSRuntimeSettings (190)
[2016.12.18-08.24.24:663][914]LogModuleManager: Shutting down and abandoning module AndroidRuntimeSettings (189)
[2016.12.18-08.24.24:663][914]LogModuleManager: Shutting down and abandoning module NiagaraEditor (188)
[2016.12.18-08.24.24:665][914]LogModuleManager: Shutting down and abandoning module MergeActors (187)
[2016.12.18-08.24.24:665][914]LogModuleManager: Shutting down and abandoning module SizeMap (186)
[2016.12.18-08.24.24:666][914]LogModuleManager: Shutting down and abandoning module TreeMap (185)
[2016.12.18-08.24.24:666][914]LogModuleManager: Shutting down and abandoning module ReferenceViewer (184)
[2016.12.18-08.24.24:666][914]LogModuleManager: Shutting down and abandoning module LocalizationService (183)
[2016.12.18-08.24.24:667][914]LogModuleManager: Shutting down and abandoning module LocalizationDashboard (182)
[2016.12.18-08.24.24:668][914]LogModuleManager: Shutting down and abandoning module HardwareTargeting (181)
[2016.12.18-08.24.24:668][914]LogModuleManager: Shutting down and abandoning module DeviceProfileEditor (180)
[2016.12.18-08.24.24:669][914]LogModuleManager: Shutting down and abandoning module UndoHistory (179)
[2016.12.18-08.24.24:669][914]LogModuleManager: Shutting down and abandoning module UserFeedback (178)
[2016.12.18-08.24.24:669][914]LogModuleManager: Shutting down and abandoning module XmlParser (177)
[2016.12.18-08.24.24:670][914]LogModuleManager: Shutting down and abandoning module Blutility (176)
[2016.12.18-08.24.24:670][914]LogModuleManager: Shutting down and abandoning module ProjectTargetPlatformEditor (175)
[2016.12.18-08.24.24:670][914]LogModuleManager: Shutting down and abandoning module ProjectSettingsViewer (174)
[2016.12.18-08.24.24:670][914]LogModuleManager: Shutting down and abandoning module InputBindingEditor (173)
[2016.12.18-08.24.24:672][914]LogModuleManager: Shutting down and abandoning module EditorSettingsViewer (172)
[2016.12.18-08.24.24:672][914]LogModuleManager: Shutting down and abandoning module SettingsEditor (171)
[2016.12.18-08.24.24:673][914]LogModuleManager: Shutting down and abandoning module ProjectLauncher (170)
[2016.12.18-08.24.24:674][914]LogModuleManager: Shutting down and abandoning module SessionFrontend (169)
[2016.12.18-08.24.24:674][914]LogModuleManager: Shutting down and abandoning module ProfilerClient (168)
[2016.12.18-08.24.24:675][914]LogModuleManager: Shutting down and abandoning module TargetDeviceServices (167)
[2016.12.18-08.24.24:675][914]LogModuleManager: Shutting down and abandoning module DeviceManager (166)
[2016.12.18-08.24.24:719][914]LogModuleManager: Shutting down and abandoning module AutomationController (165)
[2016.12.18-08.24.24:720][914]LogModuleManager: Shutting down and abandoning module AutomationWindow (164)
[2016.12.18-08.24.24:721][914]LogModuleManager: Shutting down and abandoning module Layers (163)
[2016.12.18-08.24.24:723][914]LogModuleManager: Shutting down and abandoning module ComponentVisualizers (162)
[2016.12.18-08.24.24:724][914]LogModuleManager: Shutting down and abandoning module DetailCustomizations (161)
[2016.12.18-08.24.24:725][914]LogModuleManager: Shutting down and abandoning module PackagesDialog (160)
[2016.12.18-08.24.24:726][914]LogModuleManager: Shutting down and abandoning module AnimGraph (159)
[2016.12.18-08.24.24:726][914]LogModuleManager: Shutting down and abandoning module Persona (158)
[2016.12.18-08.24.24:728][914]LogModuleManager: Shutting down and abandoning module Kismet (157)
[2016.12.18-08.24.24:729][914]LogModuleManager: Shutting down and abandoning module GraphEditor (156)
[2016.12.18-08.24.24:732][914]LogModuleManager: Shutting down and abandoning module ClassViewer (155)
[2016.12.18-08.24.24:733][914]LogModuleManager: Shutting down and abandoning module Toolbox (154)
[2016.12.18-08.24.24:733][914]LogModuleManager: Shutting down and abandoning module ModuleUI (153)
[2016.12.18-08.24.24:734][914]LogModuleManager: Shutting down and abandoning module MovieSceneTools (152)
[2016.12.18-08.24.24:734][914]LogModuleManager: Shutting down and abandoning module OutputLog (151)
[2016.12.18-08.24.24:735][914]LogModuleManager: Shutting down and abandoning module GammaUI (150)
[2016.12.18-08.24.24:735][914]LogModuleManager: Shutting down and abandoning module Documentation (149)
[2016.12.18-08.24.24:735][914]LogModuleManager: Shutting down and abandoning module Niagara (148)
[2016.12.18-08.24.24:735][914]LogModuleManager: Shutting down and abandoning module StreamingPauseRendering (147)
[2016.12.18-08.24.24:735][914]LogModuleManager: Shutting down and abandoning module AnalyticsET (146)
[2016.12.18-08.24.24:735][914]LogModuleManager: Shutting down and abandoning module PortalServices (145)
[2016.12.18-08.24.24:735][914]LogModuleManager: Shutting down and abandoning module PortalRpc (144)
[2016.12.18-08.24.24:735][914]LogModuleManager: Shutting down and abandoning module MessagingRpc (143)
[2016.12.18-08.24.24:735][914]LogModuleManager: Shutting down and abandoning module GameplayDebugger (142)
[2016.12.18-08.24.24:736][914]LogModuleManager: Shutting down and abandoning module AITestSuite (141)
[2016.12.18-08.24.24:737][914]LogModuleManager: Shutting down and abandoning module AIModule (140)
[2016.12.18-08.24.24:737][914]LogModuleManager: Shutting down and abandoning module ProfilerService (139)
[2016.12.18-08.24.24:910][914]LogModuleManager: Shutting down and abandoning module TaskGraph (138)
[2016.12.18-08.24.24:912][914]LogModuleManager: Shutting down and abandoning module SlateRemote (137)
[2016.12.18-08.24.24:912][914]LogModuleManager: Shutting down and abandoning module SteamVRController (136)
[2016.12.18-08.24.24:912][914]LogModuleManager: Shutting down and abandoning module SteamVR (135)
[2016.12.18-08.24.24:912][914]LogModuleManager: Shutting down and abandoning module ProceduralMeshComponentEditor (134)
[2016.12.18-08.24.24:912][914]LogModuleManager: Shutting down and abandoning module ProceduralMeshComponent (133)
[2016.12.18-08.24.24:912][914]LogModuleManager: Shutting down and abandoning module OculusLibrary (132)
[2016.12.18-08.24.24:912][914]LogModuleManager: Shutting down and abandoning module OculusInput (131)
[2016.12.18-08.24.24:912][914]LogModuleManager: Shutting down and abandoning module CustomMeshComponent (130)
[2016.12.18-08.24.24:912][914]LogModuleManager: Shutting down and abandoning module CableComponent (129)
[2016.12.18-08.24.24:912][914]LogModuleManager: Shutting down and abandoning module ArchVisCharacter (128)
[2016.12.18-08.24.24:912][914]LogModuleManager: Shutting down and abandoning module MediaPlayerEditor (126)
[2016.12.18-08.24.24:915][914]LogModuleManager: Shutting down and abandoning module HTML5Networking (125)
[2016.12.18-08.24.24:915][914]LogModuleManager: Shutting down and abandoning module GeometryCacheEd (124)
[2016.12.18-08.24.24:915][914]LogModuleManager: Shutting down and abandoning module GeometryCache (123)
[2016.12.18-08.24.24:915][914]LogModuleManager: Shutting down and abandoning module AlembicLibrary (122)
[2016.12.18-08.24.24:915][914]LogModuleManager: Shutting down and abandoning module AlembicImporter (121)
[2016.12.18-08.24.24:915][914]LogModuleManager: Shutting down and abandoning module SuperSearch (120)
[2016.12.18-08.24.24:915][914]LogModuleManager: Shutting down and abandoning module SuperSearchEditor (119)
[2016.12.18-08.24.24:915][914]LogModuleManager: Shutting down and abandoning module SpeedTreeImporter (118)
[2016.12.18-08.24.24:915][914]LogModuleManager: Shutting down and abandoning module PluginBrowser (117)
[2016.12.18-08.24.24:916][914]LogModuleManager: Shutting down and abandoning module MobileLauncherProfileWizard (116)
[2016.12.18-08.24.24:917][914]LogModuleManager: Shutting down and abandoning module EpicSurvey (115)
[2016.12.18-08.24.24:917][914]LogModuleManager: Shutting down and abandoning module DesktopPlatform (114)
[2016.12.18-08.24.24:917][914]LogModuleManager: Shutting down and abandoning module VisualStudioSourceCodeAccess (113)
[2016.12.18-08.24.24:918][914]LogModuleManager: Shutting down and abandoning module UObjectPlugin (112)
[2016.12.18-08.24.24:918][914]LogModuleManager: Shutting down and abandoning module SubversionSourceControl (111)
[2016.12.18-08.24.24:919][914]LogModuleManager: Shutting down and abandoning module PerforceSourceControl (110)
[2016.12.18-08.24.24:920][914]LogModuleManager: Shutting down and abandoning module SourceControl (109)
[2016.12.18-08.24.24:921][914]LogModuleManager: Shutting down and abandoning module GitSourceControl (108)
[2016.12.18-08.24.24:921][914]LogModuleManager: Shutting down and abandoning module LightPropagationVolumeEditor (107)
[2016.12.18-08.24.24:921][914]LogModuleManager: Shutting down and abandoning module PaperTiledImporter (106)
[2016.12.18-08.24.24:922][914]LogModuleManager: Shutting down and abandoning module PaperSpriteSheetImporter (105)
[2016.12.18-08.24.24:922][914]LogModuleManager: Shutting down and abandoning module MeshPaint (104)
[2016.12.18-08.24.24:922][914]LogModuleManager: Shutting down and abandoning module FbxAutomationBuilderModule (103)
[2016.12.18-08.24.24:922][914]LogModuleManager: Shutting down and abandoning module PixelInspectorModule (102)
[2016.12.18-08.24.24:923][914]LogModuleManager: Shutting down and abandoning module HotReload (101)
[2016.12.18-08.24.24:923][914]LogModuleManager: Shutting down and abandoning module MainFrame (100)
[2016.12.18-08.24.24:923][914]LogModuleManager: Shutting down and abandoning module LevelEditor (99)
[2016.12.18-08.24.24:924][914]LogModuleManager: Shutting down and abandoning module ContentBrowser (98)
[2016.12.18-08.24.24:925][914]LogModuleManager: Shutting down and abandoning module Paper2DEditor (97)
[2016.12.18-08.24.24:925][914]LogModuleManager: Shutting down and abandoning module UdpMessaging (96)
[2016.12.18-08.24.25:026][914]LogModuleManager: Shutting down and abandoning module TcpMessaging (95)
[2016.12.18-08.24.25:126][914]LogModuleManager: Shutting down and abandoning module LightPropagationVolumeRuntime (94)
[2016.12.18-08.24.25:126][914]LogModuleManager: Shutting down and abandoning module Paper2D (93)
[2016.12.18-08.24.25:126][914]LogModuleManager: Shutting down and abandoning module WindowsMoviePlayer (92)
[2016.12.18-08.24.25:127][914]LogModuleManager: Shutting down and abandoning module WmfMedia (91)
[2016.12.18-08.24.25:128][914]LogModuleManager: Shutting down and abandoning module MediaAssets (90)
[2016.12.18-08.24.25:128][914]LogModuleManager: Shutting down and abandoning module GameLiveStreaming (89)
[2016.12.18-08.24.25:128][914]LogModuleManager: Shutting down and abandoning module GameplayTagsEditor (88)
[2016.12.18-08.24.25:128][914]LogModuleManager: Shutting down and abandoning module VREditor (87)
[2016.12.18-08.24.25:128][914]LogModuleManager: Shutting down and abandoning module GameplayTasksEditor (86)
[2016.12.18-08.24.25:128][914]LogModuleManager: Shutting down and abandoning module PropertyEditor (85)
[2016.12.18-08.24.25:129][914]LogModuleManager: Shutting down and abandoning module BehaviorTreeEditor (84)
[2016.12.18-08.24.25:131][914]LogModuleManager: Shutting down and abandoning module FunctionalTesting (83)
[2016.12.18-08.24.25:131][914]LogModuleManager: Shutting down and abandoning module CollisionAnalyzer (82)
[2016.12.18-08.24.25:132][914]LogModuleManager: Shutting down and abandoning module Sequencer (81)
[2016.12.18-08.24.25:134][914]LogModuleManager: Shutting down and abandoning module WorkspaceMenuStructure (80)
[2016.12.18-08.24.25:134][914]LogModuleManager: Shutting down and abandoning module MessageLog (79)
[2016.12.18-08.24.25:134][914]LogModuleManager: Shutting down and abandoning module AssetTools (78)
[2016.12.18-08.24.25:136][914]LogModuleManager: Shutting down and abandoning module UMGEditor (77)
[2016.12.18-08.24.25:138][914]LogModuleManager: Shutting down and abandoning module UMG (76)
[2016.12.18-08.24.25:138][914]LogModuleManager: Shutting down and abandoning module SlateReflector (75)
[2016.12.18-08.24.25:140][914]LogModuleManager: Shutting down and abandoning module Slate (74)
[2016.12.18-08.24.25:141][914]LogModuleManager: Shutting down and abandoning module EditorStyle (73)
[2016.12.18-08.24.25:143][914]LogModuleManager: Shutting down and abandoning module SourceCodeAccess (72)
[2016.12.18-08.24.25:143][914]LogModuleManager: Shutting down and abandoning module HeadMountedDisplay (71)
[2016.12.18-08.24.25:143][914]LogModuleManager: Shutting down and abandoning module XAudio2 (70)
[2016.12.18-08.24.25:143][914]LogModuleManager: Shutting down and abandoning module Networking (68)
[2016.12.18-08.24.25:143][914]LogModuleManager: Shutting down and abandoning module Core (67)
[2016.12.18-08.24.25:143][914]LogModuleManager: Shutting down and abandoning module DirectoryWatcher (66)
[2016.12.18-08.24.25:143][914]LogDirectoryWatcher: A directory notification for '../../../Engine/Content/' was aborted.
[2016.12.18-08.24.25:144][914]LogDirectoryWatcher: A directory notification for '../../../../../../Projekt/theminishooter/Content/' was aborted.
[2016.12.18-08.24.25:144][914]LogDirectoryWatcher: A directory notification for '../../../Engine/Plugins/2D/Paper2D/Content/' was aborted.
[2016.12.18-08.24.25:144][914]LogModuleManager: Shutting down and abandoning module AssetRegistry (65)
[2016.12.18-08.24.25:275][914]LogModuleManager: Shutting down and abandoning module KismetCompiler (64)
[2016.12.18-08.24.25:275][914]LogModuleManager: Shutting down and abandoning module PhysXFormats (63)
[2016.12.18-08.24.25:276][914]LogModuleManager: Shutting down and abandoning module MeshUtilities (62)
[2016.12.18-08.24.25:276][914]LogModuleManager: Shutting down and abandoning module DerivedDataCache (61)
[2016.12.18-08.24.25:711][914]LogDerivedDataCache: Shutdown
[2016.12.18-08.24.25:711][914]LogModuleManager: Shutting down and abandoning module VulkanShaderFormat (60)
[2016.12.18-08.24.25:712][914]LogModuleManager: Shutting down and abandoning module ShaderFormatOpenGL (59)
[2016.12.18-08.24.25:712][914]LogModuleManager: Shutting down and abandoning module ShaderFormatD3D (58)
[2016.12.18-08.24.25:713][914]LogModuleManager: Shutting down and abandoning module MetalShaderFormat (57)
[2016.12.18-08.24.25:713][914]LogModuleManager: Shutting down and abandoning module TextureFormatUncompressed (56)
[2016.12.18-08.24.25:713][914]LogModuleManager: Shutting down and abandoning module TextureFormatPVR (55)
[2016.12.18-08.24.25:714][914]LogModuleManager: Shutting down and abandoning module TextureFormatDXT (54)
[2016.12.18-08.24.25:714][914]LogModuleManager: Shutting down and abandoning module TextureFormatIntelISPCTexComp (53)
[2016.12.18-08.24.25:714][914]LogModuleManager: Shutting down and abandoning module ImageWrapper (52)
[2016.12.18-08.24.25:714][914]LogModuleManager: Shutting down and abandoning module TextureFormatASTC (51)
[2016.12.18-08.24.25:714][914]LogModuleManager: Shutting down and abandoning module TextureFormatAndroid (50)
[2016.12.18-08.24.25:714][914]LogModuleManager: Shutting down and abandoning module AudioFormatOpus (49)
[2016.12.18-08.24.25:715][914]LogModuleManager: Shutting down and abandoning module AudioFormatOgg (48)
[2016.12.18-08.24.25:715][914]LogModuleManager: Shutting down and abandoning module AudioFormatADPCM (47)
[2016.12.18-08.24.25:715][914]LogModuleManager: Shutting down and abandoning module LinuxTargetPlatform (46)
[2016.12.18-08.24.25:715][914]LogModuleManager: Shutting down and abandoning module LinuxServerTargetPlatform (45)
[2016.12.18-08.24.25:715][914]LogModuleManager: Shutting down and abandoning module LinuxNoEditorTargetPlatform (44)
[2016.12.18-08.24.25:716][914]LogModuleManager: Shutting down and abandoning module LinuxClientTargetPlatform (43)
[2016.12.18-08.24.25:716][914]LogModuleManager: Shutting down and abandoning module TVOSTargetPlatform (42)
[2016.12.18-08.24.25:716][914]LogModuleManager: Shutting down and abandoning module Messaging (41)
[2016.12.18-08.24.25:716][914]LogModuleManager: Shutting down and abandoning module IOSTargetPlatform (40)
[2016.12.18-08.24.25:716][914]LogModuleManager: Shutting down and abandoning module HTML5TargetPlatform (39)
[2016.12.18-08.24.25:716][914]LogModuleManager: Shutting down and abandoning module Android_PVRTCTargetPlatform (38)
[2016.12.18-08.24.25:716][914]LogModuleManager: Shutting down and abandoning module Android_MultiTargetPlatform (37)
[2016.12.18-08.24.25:716][914]LogModuleManager: Shutting down and abandoning module Android_ETC2TargetPlatform (36)
[2016.12.18-08.24.25:716][914]LogModuleManager: Shutting down and abandoning module Android_ETC1TargetPlatform (35)
[2016.12.18-08.24.25:716][914]LogModuleManager: Shutting down and abandoning module Android_DXTTargetPlatform (34)
[2016.12.18-08.24.25:716][914]LogModuleManager: Shutting down and abandoning module Android_ATCTargetPlatform (33)
[2016.12.18-08.24.25:716][914]LogModuleManager: Shutting down and abandoning module Android_ASTCTargetPlatform (32)
[2016.12.18-08.24.25:716][914]LogModuleManager: Shutting down and abandoning module AndroidTargetPlatform (31)
[2016.12.18-08.24.25:716][914]LogModuleManager: Shutting down and abandoning module WindowsTargetPlatform (30)
[2016.12.18-08.24.25:716][914]LogModuleManager: Shutting down and abandoning module WindowsServerTargetPlatform (29)
[2016.12.18-08.24.25:716][914]LogModuleManager: Shutting down and abandoning module WindowsNoEditorTargetPlatform (28)
[2016.12.18-08.24.25:717][914]LogModuleManager: Shutting down and abandoning module WindowsClientTargetPlatform (27)
[2016.12.18-08.24.25:717][914]LogModuleManager: Shutting down and abandoning module AllDesktopTargetPlatform (26)
[2016.12.18-08.24.25:717][914]LogModuleManager: Shutting down and abandoning module TargetPlatform (25)
[2016.12.18-08.24.25:717][914]LogModuleManager: Shutting down and abandoning module InputCore (24)
[2016.12.18-08.24.25:717][914]LogModuleManager: Shutting down and abandoning module Settings (23)
[2016.12.18-08.24.25:717][914]LogModuleManager: Shutting down and abandoning module OculusRift (22)
[2016.12.18-08.24.25:717][914]LogModuleManager: Shutting down and abandoning module GearVR (21)
[2016.12.18-08.24.25:717][914]LogModuleManager: Shutting down and abandoning module ExampleDeviceProfileSelector (20)
[2016.12.18-08.24.25:717][914]LogModuleManager: Shutting down and abandoning module OnlineBlueprintSupport (19)
[2016.12.18-08.24.25:717][914]LogModuleManager: Shutting down and abandoning module OnlineSubsystem (17)
[2016.12.18-08.24.25:718][914]LogOnline:Display: Unloading online subsystem: NULL
[2016.12.18-08.24.25:719][914]LogModuleManager: Shutting down and abandoning module HTTP (16)
[2016.12.18-08.24.25:719][914]LogHttp:Display: Http module shutting down, but needs to wait on 1 outstanding Http requests:
[2016.12.18-08.24.25:719][914]LogHttp:Display: 	verb=[POST] url=[https://datarouter.ol.epicgames.com/datarouter/api/v1/public/data?SessionID=%7B700ACDAB-4C21-3C32-DAC3-4991C5DB4C49%7D&AppID=UEEditor.Rocket.Release&AppVersion=4.13.2-3172292%2B%2B%2BUE4%2BRelease-4.13&UserID=9a67a69b435cc1cbfa202ab77175edda%7Cda04f9eda61e41f98520697d22dac76e%7C266c1794-8dbc-43e7-8a2d-98abda6192a2&AppEnvironment=datacollector-binary&UploadType=eteventstream] status=Processing
[2016.12.18-08.24.25:754][914]LogModuleManager: Shutting down and abandoning module XMPP (15)
[2016.12.18-08.24.25:756][914]LogModuleManager: Shutting down and abandoning module TextureCompressor (14)
[2016.12.18-08.24.25:757][914]LogModuleManager: Shutting down and abandoning module ShaderCore (13)
[2016.12.18-08.24.25:757][914]LogModuleManager: Shutting down and abandoning module Landscape (12)
[2016.12.18-08.24.25:757][914]LogModuleManager: Shutting down and abandoning module SlateRHIRenderer (11)
[2016.12.18-08.24.25:758][914]LogModuleManager: Shutting down and abandoning module OpenGLDrv (10)
[2016.12.18-08.24.25:759][914]LogModuleManager: Shutting down and abandoning module D3D11RHI (9)
[2016.12.18-08.24.25:759][914]LogModuleManager: Shutting down and abandoning module AnimGraphRuntime (8)
[2016.12.18-08.24.25:759][914]LogModuleManager: Shutting down and abandoning module Renderer (7)
[2016.12.18-08.24.25:759][914]LogModuleManager: Shutting down and abandoning module Engine (6)
[2016.12.18-08.24.25:759][914]LogModuleManager: Shutting down and abandoning module CoreUObject (5)
[2016.12.18-08.24.25:760][914]LogModuleManager: Shutting down and abandoning module NetworkFile (4)
[2016.12.18-08.24.25:760][914]LogModuleManager: Shutting down and abandoning module StreamingFile (3)
[2016.12.18-08.24.25:760][914]LogModuleManager: Shutting down and abandoning module SandboxFile (2)
[2016.12.18-08.24.25:761][914]LogModuleManager: Shutting down and abandoning module PakFile (1)
[2016.12.18-08.24.25:764][914]LogExit: Exiting.
[2016.12.18-08.24.25:767][914]Log file closed, 12/18/16 09:24:25
